
=SUPERVISOR REPORT==== 15-Nov-2010::13:51:44 ===
     Supervisor: {<0.3548.4>,rabbit_channel_sup_sup}
     Context:    shutdown_error
     Reason:     shutdown
     Offender:   [{pid,<0.3551.4>},
                  {name,channel_sup},
                  {mfa,{rabbit_channel_sup,start_link,[]}},
                  {restart_type,temporary},
                  {shutdown,infinity},
                  {child_type,supervisor}]


=SUPERVISOR REPORT==== 15-Nov-2010::15:26:51 ===
     Supervisor: {<0.4399.4>,rabbit_channel_sup_sup}
     Context:    shutdown_error
     Reason:     shutdown
     Offender:   [{pid,<0.4402.4>},
                  {name,channel_sup},
                  {mfa,{rabbit_channel_sup,start_link,[]}},
                  {restart_type,temporary},
                  {shutdown,infinity},
                  {child_type,supervisor}]


=SUPERVISOR REPORT==== 20-Nov-2010::11:56:14 ===
     Supervisor: {<0.25716.10>,
                                           rabbit_channel_sup_sup}
     Context:    shutdown_error
     Reason:     shutdown
     Offender:   [{pid,<0.28689.10>},
                  {name,channel_sup},
                  {mfa,{rabbit_channel_sup,start_link,[]}},
                  {restart_type,temporary},
                  {shutdown,infinity},
                  {child_type,supervisor}]

