
=INFO REPORT==== 13-Oct-2010::11:54:48 ===
Limiting to approx 924 file handles

=INFO REPORT==== 13-Oct-2010::11:54:48 ===
Memory limit set to 803MB.

=INFO REPORT==== 13-Oct-2010::11:54:48 ===
msg_store_transient: using rabbit_msg_store_ets_index to provide index

=INFO REPORT==== 13-Oct-2010::11:54:48 ===
msg_store_persistent: using rabbit_msg_store_ets_index to provide index

=WARNING REPORT==== 13-Oct-2010::11:54:48 ===
msg_store_persistent: failed to read recovery terms: enoent
rebuilding indices from scratch

=INFO REPORT==== 13-Oct-2010::11:54:48 ===
started TCP Listener on 0.0.0.0:5672

=INFO REPORT==== 15-Oct-2010::14:44:50 ===
node 'james@work-lappy' up
=INFO REPORT==== 15-Oct-2010::14:44:58 ===
node 'james@work-lappy' down
=ERROR REPORT==== 15-Oct-2010::14:45:19 ===
** Connection attempt from disallowed node 'james@work-lappy' ** 

=INFO REPORT==== 15-Oct-2010::14:45:48 ===
node 'james@work-lappy' up
=INFO REPORT==== 15-Oct-2010::14:45:54 ===
node 'james@work-lappy' down